Determining if the pthread_create exist failed with the following output:
Change Dir: /home/seedland/project/learn_slam/auto-dirve/SFND_Lidar_Obstacle_Detection-master/build/CMakeFiles/CMakeTmp

Run Build Command:"/usr/bin/make" "cmTC_acaed/fast"
/usr/bin/make -f CMakeFiles/cmTC_acaed.dir/build.make CMakeFiles/cmTC_acaed.dir/build
make[1]: Entering directory '/home/seedland/project/learn_slam/auto-dirve/SFND_Lidar_Obstacle_Detection-master/build/CMakeFiles/CMakeTmp'
Building C object CMakeFiles/cmTC_acaed.dir/CheckSymbolExists.c.o
/usr/bin/cc    -o CMakeFiles/cmTC_acaed.dir/CheckSymbolExists.c.o   -c /home/seedland/project/learn_slam/auto-dirve/SFND_Lidar_Obstacle_Detection-master/build/CMakeFiles/CMakeTmp/CheckSymbolExists.c
Linking C executable cmTC_acaed
/usr/bin/cmake -E cmake_link_script CMakeFiles/cmTC_acaed.dir/link.txt --verbose=1
/usr/bin/cc      -rdynamic CMakeFiles/cmTC_acaed.dir/CheckSymbolExists.c.o  -o cmTC_acaed 
CMakeFiles/cmTC_acaed.dir/CheckSymbolExists.c.o: In function `main':
CheckSymbolExists.c:(.text+0x1b): undefined reference to `pthread_create'
collect2: error: ld returned 1 exit status
CMakeFiles/cmTC_acaed.dir/build.make:97: recipe for target 'cmTC_acaed' failed
make[1]: *** [cmTC_acaed] Error 1
make[1]: Leaving directory '/home/seedland/project/learn_slam/auto-dirve/SFND_Lidar_Obstacle_Detection-master/build/CMakeFiles/CMakeTmp'
Makefile:126: recipe for target 'cmTC_acaed/fast' failed
make: *** [cmTC_acaed/fast] Error 2

File /home/seedland/project/learn_slam/auto-dirve/SFND_Lidar_Obstacle_Detection-master/build/CMakeFiles/CMakeTmp/CheckSymbolExists.c:
/* */
#include <pthread.h>

int main(int argc, char** argv)
{
  (void)argv;
#ifndef pthread_create
  return ((int*)(&pthread_create))[argc];
#else
  (void)argc;
  return 0;
#endif
}

Determining if the function pthread_create exists in the pthreads failed with the following output:
Change Dir: /home/seedland/project/learn_slam/auto-dirve/SFND_Lidar_Obstacle_Detection-master/build/CMakeFiles/CMakeTmp

Run Build Command:"/usr/bin/make" "cmTC_174d8/fast"
/usr/bin/make -f CMakeFiles/cmTC_174d8.dir/build.make CMakeFiles/cmTC_174d8.dir/build
make[1]: Entering directory '/home/seedland/project/learn_slam/auto-dirve/SFND_Lidar_Obstacle_Detection-master/build/CMakeFiles/CMakeTmp'
Building C object CMakeFiles/cmTC_174d8.dir/CheckFunctionExists.c.o
/usr/bin/cc   -DCHECK_FUNCTION_EXISTS=pthread_create   -o CMakeFiles/cmTC_174d8.dir/CheckFunctionExists.c.o   -c /usr/share/cmake-3.10/Modules/CheckFunctionExists.c
Linking C executable cmTC_174d8
/usr/bin/cmake -E cmake_link_script CMakeFiles/cmTC_174d8.dir/link.txt --verbose=1
/usr/bin/cc  -DCHECK_FUNCTION_EXISTS=pthread_create    -rdynamic CMakeFiles/cmTC_174d8.dir/CheckFunctionExists.c.o  -o cmTC_174d8 -lpthreads 
/usr/bin/ld: cannot find -lpthreads
collect2: error: ld returned 1 exit status
CMakeFiles/cmTC_174d8.dir/build.make:97: recipe for target 'cmTC_174d8' failed
make[1]: *** [cmTC_174d8] Error 1
make[1]: Leaving directory '/home/seedland/project/learn_slam/auto-dirve/SFND_Lidar_Obstacle_Detection-master/build/CMakeFiles/CMakeTmp'
Makefile:126: recipe for target 'cmTC_174d8/fast' failed
make: *** [cmTC_174d8/fast] Error 2


